<?xml version="1.0" encoding="UTF-8"?>
<!-- Generated by org.testng.reporters.JUnitReportReporter -->
<testsuite skipped="0" hostname="MyPC" name="org.api.test.PostAPITest" tests="1" failures="0" timestamp="27 Mar 2019 21:04:42 GMT" time="3.285" errors="0">
  <testcase name="postAPITest" time="3.285" classname="org.api.test.PostAPITest"/>
</testsuite> <!-- org.api.test.PostAPITest -->
